info: Using apiary reporter.
warn: Apiary reporter environment variable APIARY_API_KEY or APIARY_API_NAME not defined.
info: Beginning Dredd testing...
info: Found Hookfiles: ./hooks.js
fail: GET /auth_roles?context=system duration: 141ms
fail: GET /auth_roles/file_editor duration: 93ms
fail: GET /current_user duration: 109ms
pass: GET /current_user/usage duration: 80ms
fail: GET /users?full_name_contains=gardner&first_name_begins_with=mat&last_name_begins_with=gar duration: 198ms
fail: GET /users/c1179f73-0558-4f96-afc7-9d251e65b7bb duration: 99ms
skip: GET /system/permissions
skip: PUT /system/permissions/ca29f7df-33ca-46dd-a015-92c46fdb6fd1
skip: GET /system/permissions/ca29f7df-33ca-46dd-a015-92c46fdb6fd1
skip: DELETE /system/permissions/ca29f7df-33ca-46dd-a015-92c46fdb6fd1
pass: POST /projects duration: 196ms
pass: GET /projects duration: 4033ms
pass: GET /projects/ca29f7df-33ca-46dd-a015-92c46fdb6fd1 duration: 108ms
pass: PUT /projects/ca29f7df-33ca-46dd-a015-92c46fdb6fd1 duration: 122ms
pass: DELETE /projects/ca29f7df-33ca-46dd-a015-92c46fdb6fd1 duration: 112ms
pass: GET /projects/ca29f7df-33ca-46dd-a015-92c46fdb6fd1/permissions duration: 96ms
pass: PUT /projects/ca29f7df-33ca-46dd-a015-92c46fdb6fd1/permissions/c1179f73-0558-4f96-afc7-9d251e65b7bb duration: 186ms
pass: GET /projects/ca29f7df-33ca-46dd-a015-92c46fdb6fd1/permissions/c1179f73-0558-4f96-afc7-9d251e65b7bb duration: 91ms
pass: DELETE /projects/ca29f7df-33ca-46dd-a015-92c46fdb6fd1/permissions/c1179f73-0558-4f96-afc7-9d251e65b7bb duration: 136ms
pass: GET /project_roles duration: 84ms
pass: GET /project_roles/principal_investigator duration: 79ms
pass: GET /projects/ca29f7df-33ca-46dd-a015-92c46fdb6fd1/affiliates duration: 91ms
pass: PUT /projects/ca29f7df-33ca-46dd-a015-92c46fdb6fd1/affiliates/c1179f73-0558-4f96-afc7-9d251e65b7bb duration: 148ms
pass: GET /projects/ca29f7df-33ca-46dd-a015-92c46fdb6fd1/affiliates/c1179f73-0558-4f96-afc7-9d251e65b7bb duration: 86ms
pass: DELETE /projects/ca29f7df-33ca-46dd-a015-92c46fdb6fd1/affiliates/c1179f73-0558-4f96-afc7-9d251e65b7bb duration: 135ms
pass: GET /storage_providers duration: 93ms
pass: GET /storage_providers/g5579f73-0558-4f96-afc7-9d251e65bv33 duration: 69ms
pass: POST /folders duration: 145ms
pass: GET /folders/d5ae02a4-b9e6-473d-87c4-66f4c881ae7a duration: 94ms
pass: DELETE /folders/d5ae02a4-b9e6-473d-87c4-66f4c881ae7a duration: 104ms
pass: PUT /folders/d5ae02a4-b9e6-473d-87c4-66f4c881ae7a/move duration: 120ms
pass: PUT /folders/d5ae02a4-b9e6-473d-87c4-66f4c881ae7a/rename duration: 114ms
pass: POST /projects/666be35a-98e0-4c2e-9a17-7bc009f9bb23/uploads duration: 124ms
fail: GET /projects/666be35a-98e0-4c2e-9a17-7bc009f9bb23/uploads duration: 103ms
pass: GET /uploads/666be35a-98e0-4c2e-9a17-7bc009f9bb23 duration: 92ms
Upload Swift chunk request path: https://swift-dev.oit.duke.edu/v1/AUTH_frds/ca7eb068-25da-46aa-8f96-fe9d6d166ca7/c79405a2-2034-42fd-b61b-c2e17b15bd6c/1?temp_url_sig=d10ae74d5d958fee7d0d302901adfb13c69f4270&temp_url_expires=1447080939
Upload Swift chunk HTTP status code: 201
pass: PUT /uploads/666be35a-98e0-4c2e-9a17-7bc009f9bb23/chunks duration: 425ms
pass: PUT /uploads/666be35a-98e0-4c2e-9a17-7bc009f9bb23/complete duration: 433ms
skip: POST /files
skip: GET /files/777be35a-98e0-4c2e-9a17-7bc009f9b111
skip: DELETE /files/777be35a-98e0-4c2e-9a17-7bc009f9b111
skip: GET /files/777be35a-98e0-4c2e-9a17-7bc009f9b111/download
skip: PUT /files/777be35a-98e0-4c2e-9a17-7bc009f9b111/move
skip: PUT /files/777be35a-98e0-4c2e-9a17-7bc009f9b111/rename
pass: GET /projects/ca29f7df-33ca-46dd-a015-92c46fdb6fd1/children?name_contains=Sequencing&kind=dds-folder duration: 111ms
pass: GET /folders/ca29f7df-33ca-46dd-a015-92c46fdb6fd1/children?name_contains=Sequencing&kind=dds-folder duration: 101ms
info: Displaying failed tests...
fail: GET /auth_roles?context=system duration: 141ms
fail: body: At '/results/0/permissions/0' Invalid type: string (expected object)

request: 
body: 

headers: 
    User-Agent: Dredd/1.0.1 (Linux 3.19.0-31-generic; x64)
    Accept:  application/json
    Authorization:  eyJ0eXAiOiJKV1QiLCJhbGciOiJIUzI1NiJ9.eyJpZCI6ImZlMGI5MjllLWZjMjYtNDNjNC04NTYyLWJkOThmNDJjZmIyNiIsImF1dGhlbnRpY2F0aW9uX3NlcnZpY2VfaWQiOjEsImV4cCI6MTQ0NzA4NjU3NX0.ABXa6XdIKvWvP47U_zwYW2KK0LHl-UwwaKBlQ4BHiM4

uri: /auth_roles?context=system
method: GET


expected: 
headers: 
    Content-Type: application/json

body: 
{
  "results": [
    {
      "id": "system_admin",
      "name": "System Admin",
      "description": "Can manage system level permissions and perform all operations across all projects",
      "permissions": [
        {
          "id": "system_admin"
        }
      ],
      "contexts": [
        "system"
      ],
      "is_deprecated": false
    }
  ]
}
statusCode: 200


actual: 
statusCode: 200
headers: 
    server: Cowboy
    date: Mon, 09 Nov 2015 14:50:31 GMT
    connection: close
    content-type: application/json
    etag: W/"f291f598eb16b5af9d7bf3e65b9d0478"
    cache-control: max-age=0, private, must-revalidate
    x-request-id: 01d2e6d1-762a-4622-b49e-515c2baa48ff
    x-runtime: 0.007862
    vary: Origin
    x-rack-cors: preflight-hit; no-origin
    content-length: 976
    via: 1.1 vegur

body: 
{
  "results": [
    {
      "id": "project_admin",
      "name": "Project Admin",
      "description": "Can update project details, delete project, manage project level permissions and perform all file operations",
      "permissions": [
        "view_project",
        "update_project",
        "delete_project",
        "manage_project_permissions",
        "download_file",
        "create_file",
        "update_file",
        "delete_file"
      ],
      "contexts": [
        "project"
      ],
      "is_deprecated": null
    },
    {
      "id": "project_viewer",
      "name": "Project Viewer",
      "description": "Can only view project and file meta-data",
      "permissions": [
        "view_project"
      ],
      "contexts": [
        "project"
      ],
      "is_deprecated": null
    },
    {
      "id": "file_downloader",
      "name": "File Downloader",
      "description": "Can download files",
      "permissions": [
        "view_project",
        "download_file"
      ],
      "contexts": [
        "project"
      ],
      "is_deprecated": null
    },
    {
      "id": "file_editor",
      "name": "File Editor",
      "description": "Can view download create update and delete files",
      "permissions": [
        "view_project",
        "download_file",
        "create_file",
        "update_file",
        "delete_file"
      ],
      "contexts": [
        "project"
      ],
      "is_deprecated": null
    }
  ]
}



fail: GET /auth_roles/file_editor duration: 93ms
fail: body: At '/permissions/0' Invalid type: string (expected object)
body: At '/permissions/1' Invalid type: string (expected object)

request: 
body: 

headers: 
    User-Agent: Dredd/1.0.1 (Linux 3.19.0-31-generic; x64)
    Accept:  application/json
    Authorization:  eyJ0eXAiOiJKV1QiLCJhbGciOiJIUzI1NiJ9.eyJpZCI6ImZlMGI5MjllLWZjMjYtNDNjNC04NTYyLWJkOThmNDJjZmIyNiIsImF1dGhlbnRpY2F0aW9uX3NlcnZpY2VfaWQiOjEsImV4cCI6MTQ0NzA4NjU3NX0.ABXa6XdIKvWvP47U_zwYW2KK0LHl-UwwaKBlQ4BHiM4

uri: /auth_roles/file_editor
method: GET


expected: 
headers: 
    Content-Type: application/json

body: 
{
  "id": "file_editor",
  "name": "File Editor",
  "description": "Can view, download, create, update and delete files",
  "permissions": [
    {
      "id": "view_project"
    },
    {
      "id": "download_file"
    }
  ],
  "contexts": [
    "project"
  ],
  "is_deprecated": false
}
statusCode: 200


actual: 
statusCode: 200
headers: 
    server: Cowboy
    date: Mon, 09 Nov 2015 14:50:31 GMT
    connection: close
    content-type: application/json
    etag: W/"25a810d0265646593ad98156842b1527"
    cache-control: max-age=0, private, must-revalidate
    x-request-id: e8184546-cdfb-4323-aac7-9783461393c1
    x-runtime: 0.006986
    vary: Origin
    x-rack-cors: preflight-hit; no-origin
    content-length: 366
    via: 1.1 vegur

body: 
{
  "id": "project_admin",
  "name": "Project Admin",
  "description": "Can update project details, delete project, manage project level permissions and perform all file operations",
  "permissions": [
    "view_project",
    "update_project",
    "delete_project",
    "manage_project_permissions",
    "download_file",
    "create_file",
    "update_file",
    "delete_file"
  ],
  "contexts": [
    "project"
  ],
  "is_deprecated": null
}



fail: GET /current_user duration: 109ms
fail: body: At '/auth_role' Missing required property: auth_role

request: 
body: 

headers: 
    User-Agent: Dredd/1.0.1 (Linux 3.19.0-31-generic; x64)
    Accept:  application/json
    Authorization:  eyJ0eXAiOiJKV1QiLCJhbGciOiJIUzI1NiJ9.eyJpZCI6ImZlMGI5MjllLWZjMjYtNDNjNC04NTYyLWJkOThmNDJjZmIyNiIsImF1dGhlbnRpY2F0aW9uX3NlcnZpY2VfaWQiOjEsImV4cCI6MTQ0NzA4NjU3NX0.ABXa6XdIKvWvP47U_zwYW2KK0LHl-UwwaKBlQ4BHiM4

uri: /current_user
method: GET


expected: 
headers: 
    Content-Type: application/json

body: 
{
  "id": "c1179f73-0558-4f96-afc7-9d251e65b7bb",
  "username": "mrgardner01",
  "first_name": "Matthew",
  "last_name": "Gardner",
  "full_name": "Matthew Gardner",
  "email": "mrgardner01@duke.edu",
  "auth_provider": {
    "source": "duke_shibboleth",
    "uid": "gardner100"
  },
  "auth_role": {
    "id": "system_admin",
    "name": "System Admin"
  },
  "last_login_on": "2015-01-01T12:00:00Z",
  "audit": {}
}
statusCode: 200


actual: 
statusCode: 200
headers: 
    server: Cowboy
    date: Mon, 09 Nov 2015 14:50:31 GMT
    connection: close
    content-type: application/json
    etag: W/"278acc63f19e5eb09c88d29931033b2a"
    cache-control: max-age=0, private, must-revalidate
    x-request-id: fab4717b-ef50-430f-b4e5-614d2df77b52
    x-runtime: 0.024586
    vary: Origin
    x-rack-cors: preflight-hit; no-origin
    content-length: 521
    via: 1.1 vegur

body: 
{
  "id": "fe0b929e-fc26-43c4-8562-bd98f42cfb26",
  "username": "gardn016",
  "full_name": "Matt Gardner",
  "first_name": "Matthew",
  "last_name": "Gardner",
  "email": "matt.gardner@duke.edu",
  "audit": {
    "created_on": "2015-11-02T19:16:10.705Z",
    "created_by": {
      "id": "cfd73215-86ec-4202-8e89-e212136e8d62",
      "username": "dcl9",
      "full_name": "Dan Leehr"
    },
    "last_updated_on": null,
    "last_updated_by": null,
    "deleted_on": null,
    "deleted_by": null
  },
  "auth_provider": {
    "uid": "gardn016",
    "source": "Duke Authentication Service"
  },
  "last_login_on": "2015-11-09T14:29:35.109Z"
}



fail: GET /users?full_name_contains=gardner&first_name_begins_with=mat&last_name_begins_with=gar duration: 198ms
fail: body: At '/results/0/auth_role' Missing required property: auth_role

request: 
body: 

headers: 
    User-Agent: Dredd/1.0.1 (Linux 3.19.0-31-generic; x64)
    Accept:  application/json
    Authorization:  eyJ0eXAiOiJKV1QiLCJhbGciOiJIUzI1NiJ9.eyJpZCI6ImZlMGI5MjllLWZjMjYtNDNjNC04NTYyLWJkOThmNDJjZmIyNiIsImF1dGhlbnRpY2F0aW9uX3NlcnZpY2VfaWQiOjEsImV4cCI6MTQ0NzA4NjU3NX0.ABXa6XdIKvWvP47U_zwYW2KK0LHl-UwwaKBlQ4BHiM4

uri: /users?full_name_contains=gardner&first_name_begins_with=mat&last_name_begins_with=gar
method: GET


expected: 
headers: 
    Content-Type: application/json

body: 
{
  "results": [
    {
      "id": "c1179f73-0558-4f96-afc7-9d251e65b7bb",
      "username": "mrgardner01",
      "first_name": "Matthew",
      "last_name": "Gardner",
      "full_name": "Matthew Gardner",
      "email": "mrgardner01@duke.edu",
      "auth_provider": {
        "source": "duke_shibboleth",
        "uid": "gardner100"
      },
      "auth_role": {
        "id": "system_admin",
        "name": "System Admin"
      },
      "last_login_on": "2015-01-01T12:00:00Z",
      "audit": {}
    }
  ]
}
statusCode: 200


actual: 
statusCode: 200
headers: 
    server: Cowboy
    date: Mon, 09 Nov 2015 14:50:31 GMT
    connection: close
    x-total: 8
    x-total-pages: 1
    x-per-page: 25
    x-page: 1
    content-type: application/json
    etag: W/"d23715fc73d87541b1d6aa326353f829"
    cache-control: max-age=0, private, must-revalidate
    x-request-id: 721e0382-cf2f-44c4-a29a-6041c92330cd
    x-runtime: 0.102722
    vary: Origin
    x-rack-cors: preflight-hit; no-origin
    content-length: 4170
    via: 1.1 vegur

body: 
{
  "results": [
    {
      "id": "431f3820-eacf-4abe-a015-d049c091910d",
      "username": "cc487",
      "full_name": "Casey Choiniere",
      "first_name": "Casey",
      "last_name": "Choiniere",
      "email": "caseychoiniere@gmail.com",
      "audit": {
        "created_on": "2015-10-29T18:16:06.953Z",
        "created_by": {
          "id": "431f3820-eacf-4abe-a015-d049c091910d",
          "username": "cc487",
          "full_name": "Casey Choiniere"
        },
        "last_updated_on": null,
        "last_updated_by": null,
        "deleted_on": null,
        "deleted_by": null
      },
      "auth_provider": {
        "uid": "cc487",
        "source": "Duke Authentication Service"
      },
      "last_login_on": "2015-11-08T04:57:42.682Z"
    },
    {
      "id": "fe0b929e-fc26-43c4-8562-bd98f42cfb26",
      "username": "gardn016",
      "full_name": "Matt Gardner",
      "first_name": "Matthew",
      "last_name": "Gardner",
      "email": "matt.gardner@duke.edu",
      "audit": {
        "created_on": "2015-11-02T19:16:10.705Z",
        "created_by": {
          "id": "cfd73215-86ec-4202-8e89-e212136e8d62",
          "username": "dcl9",
          "full_name": "Dan Leehr"
        },
        "last_updated_on": null,
        "last_updated_by": null,
        "deleted_on": null,
        "deleted_by": null
      },
      "auth_provider": {
        "uid": "gardn016",
        "source": "Duke Authentication Service"
      },
      "last_login_on": "2015-11-09T14:29:35.109Z"
    },
    {
      "id": "7f05e5b3-f6d9-4e40-9591-d2432131929f",
      "username": "huang008",
      "full_name": "Erich Huang, M.D., Ph.D.",
      "first_name": "Erich",
      "last_name": "Huang",
      "email": "erich.huang@duke.edu",
      "audit": {
        "created_on": "2015-10-22T18:17:10.865Z",
        "created_by": {
          "id": "7f05e5b3-f6d9-4e40-9591-d2432131929f",
          "username": "huang008",
          "full_name": "Erich Huang, M.D., Ph.D."
        },
        "last_updated_on": null,
        "last_updated_by": null,
        "deleted_on": null,
        "deleted_by": null
      },
      "auth_provider": {
        "uid": "huang008",
        "source": "Duke Authentication Service"
      },
      "last_login_on": "2015-10-30T15:13:26.695Z"
    },
    {
      "id": "67f69f1b-d24a-45ef-bba8-1206d744c43a",
      "username": "hlapp",
      "full_name": "Hilmar Lapp",
      "first_name": "Hilmar",
      "last_name": "Lapp",
      "email": "Hilmar.Lapp@duke.edu",
      "audit": {
        "created_on": "2015-11-02T19:15:50.010Z",
        "created_by": {
          "id": "67f69f1b-d24a-45ef-bba8-1206d744c43a",
          "username": "hlapp",
          "full_name": "Hilmar Lapp"
        },
        "last_updated_on": null,
        "last_updated_by": null,
        "deleted_on": null,
        "deleted_by": null
      },
      "auth_provider": {
        "uid": "hlapp",
        "source": "Duke Authentication Service"
      },
      "last_login_on": "2015-11-02T22:01:26.161Z"
    },
    {
      "id": "cfd73215-86ec-4202-8e89-e212136e8d62",
      "username": "dcl9",
      "full_name": "Dan Leehr",
      "first_name": "Daniel",
      "last_name": "Leehr",
      "email": "dan.leehr@duke.edu",
      "audit": {
        "created_on": "2015-11-02T19:16:10.705Z",
        "created_by": {
          "id": "cfd73215-86ec-4202-8e89-e212136e8d62",
          "username": "dcl9",
          "full_name": "Dan Leehr"
        },
        "last_updated_on": null,
        "last_updated_by": null,
        "deleted_on": null,
        "deleted_by": null
      },
      "auth_provider": {
        "uid": "dcl9",
        "source": "Duke Authentication Service"
      },
      "last_login_on": "2015-11-02T19:16:10.679Z"
    },
    {
      "id": "6cb609b4-731f-4277-8e3d-99064b6e582f",
      "username": "londo003",
      "full_name": "Darin London",
      "first_name": "Darin",
      "last_name": "London",
      "email": "darin.london@duke.edu",
      "audit": {
        "created_on": "2015-10-21T16:21:10.473Z",
        "created_by": {
          "id": "6cb609b4-731f-4277-8e3d-99064b6e582f",
          "username": "londo003",
          "full_name": "Darin London"
        },
        "last_updated_on": null,
        "last_updated_by": null,
        "deleted_on": null,
        "deleted_by": null
      },
      "auth_provider": {
        "uid": "londo003",
        "source": "Duke Authentication Service"
      },
      "last_login_on": "2015-11-04T23:38:06.865Z"
    },
    {
      "id": "83403a21-9354-423e-9411-cc9cd4777b13",
      "username": "dfm4",
      "full_name": "Darrin Mann",
      "first_name": "Darrin",
      "last_name": "Mann",
      "email": "darrin.mann@duke.edu",
      "audit": {
        "created_on": "2015-10-30T18:05:58.436Z",
        "created_by": {
          "id": "83403a21-9354-423e-9411-cc9cd4777b13",
          "username": "dfm4",
          "full_name": "Darrin Mann"
        },
        "last_updated_on": null,
        "last_updated_by": null,
        "deleted_on": null,
        "deleted_by": null
      },
      "auth_provider": {
        "uid": "dfm4",
        "source": "Duke Authentication Service"
      },
      "last_login_on": "2015-10-30T18:05:58.350Z"
    },
    {
      "id": "d3b88e3e-dcef-418c-b01c-4882d77e0ab4",
      "username": "nn31",
      "full_name": "Ben Neely",
      "first_name": "Nigel",
      "last_name": "Neely",
      "email": "ben.neely@duke.edu",
      "audit": {
        "created_on": "2015-11-02T19:16:10.705Z",
        "created_by": {
          "id": "cfd73215-86ec-4202-8e89-e212136e8d62",
          "username": "dcl9",
          "full_name": "Dan Leehr"
        },
        "last_updated_on": null,
        "last_updated_by": null,
        "deleted_on": null,
        "deleted_by": null
      },
      "auth_provider": {
        "uid": "nn31",
        "source": "Duke Authentication Service"
      },
      "last_login_on": "2015-11-06T18:23:04.482Z"
    }
  ]
}



fail: GET /users/c1179f73-0558-4f96-afc7-9d251e65b7bb duration: 99ms
fail: body: At '/id' Missing required property: id
body: At '/username' Missing required property: username
body: At '/first_name' Missing required property: first_name
body: At '/last_name' Missing required property: last_name
body: At '/full_name' Missing required property: full_name
body: At '/email' Missing required property: email
body: At '/auth_provider' Missing required property: auth_provider
body: At '/auth_role' Missing required property: auth_role
body: At '/last_login_on' Missing required property: last_login_on
body: At '/audit' Missing required property: audit
statusCode: Status code is not '200'

request: 
body: 

headers: 
    User-Agent: Dredd/1.0.1 (Linux 3.19.0-31-generic; x64)
    Accept:  application/json
    Authorization:  eyJ0eXAiOiJKV1QiLCJhbGciOiJIUzI1NiJ9.eyJpZCI6ImZlMGI5MjllLWZjMjYtNDNjNC04NTYyLWJkOThmNDJjZmIyNiIsImF1dGhlbnRpY2F0aW9uX3NlcnZpY2VfaWQiOjEsImV4cCI6MTQ0NzA4NjU3NX0.ABXa6XdIKvWvP47U_zwYW2KK0LHl-UwwaKBlQ4BHiM4

uri: /users/c1179f73-0558-4f96-afc7-9d251e65b7bb
method: GET


expected: 
headers: 

body: 
{
    "id": "c1179f73-0558-4f96-afc7-9d251e65b7bb",
    "username": "mrgardner01",
    "first_name": "Matthew",
    "last_name": "Gardner",
    "full_name": "Matthew Gardner",
    "email": "mrgardner01@duke.edu",
    "auth_provider": {
        "source": "duke_shibboleth",
        "uid": "gardner100"
    },
    "auth_role": { "id": "system_admin", "name": "System Admin" },
    "last_login_on": "2015-01-01T12:00:00Z",
    "audit": { }
}

statusCode: 200


actual: 
statusCode: 404
headers: 
    server: Cowboy
    date: Mon, 09 Nov 2015 14:50:31 GMT
    connection: close
    content-type: application/json; charset=utf-8
    x-request-id: 4ec79704-021d-4057-827f-4714b3ba5c4f
    x-runtime: 0.003328
    vary: Origin
    x-rack-cors: preflight-hit; no-origin
    content-length: 36
    via: 1.1 vegur

body: 
{"status":"404","error":"Not Found"}



fail: GET /projects/666be35a-98e0-4c2e-9a17-7bc009f9bb23/uploads duration: 103ms
fail: statusCode: Status code is not '201'

request: 
body: 

headers: 
    User-Agent: Dredd/1.0.1 (Linux 3.19.0-31-generic; x64)
    Accept:  application/json
    Authorization:  eyJ0eXAiOiJKV1QiLCJhbGciOiJIUzI1NiJ9.eyJpZCI6ImZlMGI5MjllLWZjMjYtNDNjNC04NTYyLWJkOThmNDJjZmIyNiIsImF1dGhlbnRpY2F0aW9uX3NlcnZpY2VfaWQiOjEsImV4cCI6MTQ0NzA4NjU3NX0.ABXa6XdIKvWvP47U_zwYW2KK0LHl-UwwaKBlQ4BHiM4

uri: /projects/666be35a-98e0-4c2e-9a17-7bc009f9bb23/uploads
method: GET


expected: 
headers: 
    Content-Type: application/json

body: 
{
  "results": [
    {
      "id": "666be35a-98e0-4c2e-9a17-7bc009f9bb23",
      "project": {
        "id": "d5ae02a4-b9e6-473d-87c4-66f4c881ae7a"
      },
      "name": "RSEM_Normalized_PI3K_RNASeq_Matrix.Rdata",
      "content_type": "application/octet-stream",
      "size": 30024000,
      "hash": {
        "value": "cf23df2207d99a74fbe169e3eba035e633b65d94",
        "algorithm": "md5",
        "client_reported": true,
        "confirmed": false
      },
      "chunks": [],
      "storage_provider": {
        "id": "g5579f73-0558-4f96-afc7-9d251e65bv33",
        "name": "duke_oit_swift",
        "description": "Duke OIT Storage"
      },
      "status": {
        "initiated_on": "2015-07-10T13:00:00Z",
        "completed_on": null,
        "error_on": null,
        "error_message": null
      },
      "audit": {}
    }
  ]
}
statusCode: 201


actual: 
statusCode: 200
headers: 
    server: Cowboy
    date: Mon, 09 Nov 2015 14:50:39 GMT
    connection: close
    x-total: 1
    x-total-pages: 1
    x-per-page: 25
    x-page: 1
    content-type: application/json
    etag: W/"334714c409041168694bbbaeba7e388a"
    cache-control: max-age=0, private, must-revalidate
    x-request-id: 953892a3-0904-41cf-99f7-4a6d36bdfb98
    x-runtime: 0.032016
    vary: Origin
    x-rack-cors: preflight-hit; no-origin
    content-length: 946
    via: 1.1 vegur

body: 
{
  "results": [
    {
      "id": "c79405a2-2034-42fd-b61b-c2e17b15bd6c",
      "project": {
        "id": "ca7eb068-25da-46aa-8f96-fe9d6d166ca7"
      },
      "name": "upload-sample-Q353KADBSC.html",
      "content_type": "text/html",
      "size": 190489,
      "etag": "e8cff1ba4cbd2e159c85c98c67f270c7",
      "hash": {
        "value": "b43b5d482a05ae06d30045cbd5a7a1c9",
        "algorithm": "md5",
        "client_reported": true,
        "confirmed": false
      },
      "chunks": [],
      "storage_provider": {
        "id": "e837e024-98ff-4ad7-ad90-5f3b1533255d",
        "description": "Duke OIT Swift Service",
        "name": "duke_swift"
      },
      "status": {
        "initiated_on": "2015-11-09T14:50:39.645Z",
        "completed_on": null,
        "error_on": null,
        "error_message": null
      },
      "audit": {
        "created_on": "2015-11-09T14:50:39.653Z",
        "created_by": {
          "id": "fe0b929e-fc26-43c4-8562-bd98f42cfb26",
          "username": "gardn016",
          "full_name": "Matt Gardner"
        },
        "last_updated_on": "2015-11-09T14:49:31.049Z",
        "last_updated_by": {
          "id": "fe0b929e-fc26-43c4-8562-bd98f42cfb26",
          "username": "gardn016",
          "full_name": "Matt Gardner"
        },
        "deleted_on": null,
        "deleted_by": null
      }
    }
  ]
}



complete: 29 passing, 6 failing, 0 errors, 10 skipped, 45 total
complete: Tests took 9935ms
complete: See results in Apiary at: https://app.apiary.io/public/tests/run/c753cb25-3d9b-4225-ad07-27b0ecf46f0e
